09:40:59.474 [main] INFO  testCases.TC001_AccountRegistraition -******Starting TC001_AccountRegistraition******
09:41:00.883 [main] INFO  testCases.TC001_AccountRegistraition -Clicked on my account element
09:41:01.656 [main] INFO  testCases.TC001_AccountRegistraition -Clicked on register element
09:41:01.657 [main] INFO  testCases.TC001_AccountRegistraition -Providing user data for registration form
09:41:03.385 [main] INFO  testCases.TC001_AccountRegistraition -validating the confirmation messege
09:41:03.461 [main] INFO  testCases.TC001_AccountRegistraition -****** Ended TC001_AccountRegistraition ******
09:41:15.109 [main] INFO  testCases.TC002_Login_Varification -***TC002_Login_Varification started***
09:41:17.753 [main] INFO  testCases.TC002_Login_Varification -***TC002_Login_Varification Finished***
09:44:21.682 [main] INFO  org.testng.internal.Utils -[TestNG] Running:
  C:\Users\Inspiron\Desktop\selenium\Opencart\groups.xml

09:44:32.075 [main] INFO  testCases.TC001_AccountRegistraition -******Starting TC001_AccountRegistraition******
09:44:32.354 [main] INFO  testCases.TC001_AccountRegistraition -Clicked on my account element
09:44:32.857 [main] INFO  testCases.TC001_AccountRegistraition -Clicked on register element
09:44:32.857 [main] INFO  testCases.TC001_AccountRegistraition -Providing user data for registration form
09:44:34.768 [main] INFO  testCases.TC001_AccountRegistraition -validating the confirmation messege
09:44:34.841 [main] INFO  testCases.TC001_AccountRegistraition -****** Ended TC001_AccountRegistraition ******
09:44:43.756 [main] INFO  testCases.TC002_Login_Varification -***TC002_Login_Varification started***
09:44:47.348 [main] INFO  testCases.TC002_Login_Varification -***TC002_Login_Varification Finished***
09:54:05.810 [main] INFO  org.testng.internal.Utils -[TestNG] Running:
  C:\Users\Inspiron\Desktop\selenium\Opencart\master.xml

09:54:19.420 [main] INFO  testCases.TC001_AccountRegistraition -******Starting TC001_AccountRegistraition******
09:54:19.649 [main] INFO  testCases.TC001_AccountRegistraition -Clicked on my account element
09:54:20.455 [main] INFO  testCases.TC001_AccountRegistraition -Clicked on register element
09:54:20.455 [main] INFO  testCases.TC001_AccountRegistraition -Providing user data for registration form
09:54:22.547 [main] INFO  testCases.TC001_AccountRegistraition -validating the confirmation messege
09:54:22.641 [main] INFO  testCases.TC001_AccountRegistraition -****** Ended TC001_AccountRegistraition ******
09:54:39.504 [main] INFO  testCases.TC002_Login_Varification -***TC002_Login_Varification started***
09:54:43.051 [main] INFO  testCases.TC002_Login_Varification -***TC002_Login_Varification Finished***
10:08:18.171 [main] INFO  org.testng.internal.Utils -[TestNG] Running:
  C:\Users\Inspiron\Desktop\selenium\Opencart\master.xml

10:08:27.404 [main] INFO  testCases.TC001_AccountRegistraition -******Starting TC001_AccountRegistraition******
10:08:27.789 [main] INFO  testCases.TC001_AccountRegistraition -Clicked on my account element
10:08:28.416 [main] INFO  testCases.TC001_AccountRegistraition -Clicked on register element
10:08:28.417 [main] INFO  testCases.TC001_AccountRegistraition -Providing user data for registration form
10:08:30.123 [main] INFO  testCases.TC001_AccountRegistraition -validating the confirmation messege
10:08:30.190 [main] INFO  testCases.TC001_AccountRegistraition -****** Ended TC001_AccountRegistraition ******
10:08:40.602 [main] INFO  testCases.TC002_Login_Varification -***TC002_Login_Varification started***
10:08:43.820 [main] INFO  testCases.TC002_Login_Varification -***TC002_Login_Varification Finished***
10:17:31.607 [main] INFO  org.testng.internal.Utils -[TestNG] Running:
  C:\Users\Inspiron\Desktop\selenium\Opencart\master.xml

10:17:41.673 [main] INFO  testCases.TC001_AccountRegistraition -******Starting TC001_AccountRegistraition******
10:17:41.892 [main] INFO  testCases.TC001_AccountRegistraition -Clicked on my account element
10:17:42.454 [main] INFO  testCases.TC001_AccountRegistraition -Clicked on register element
10:17:42.455 [main] INFO  testCases.TC001_AccountRegistraition -Providing user data for registration form
10:17:44.924 [main] INFO  testCases.TC001_AccountRegistraition -validating the confirmation messege
10:17:44.982 [main] INFO  testCases.TC001_AccountRegistraition -****** Ended TC001_AccountRegistraition ******
10:17:53.873 [main] INFO  testCases.TC002_Login_Varification -***TC002_Login_Varification started***
10:17:57.390 [main] INFO  testCases.TC002_Login_Varification -***TC002_Login_Varification Finished***
10:29:26.710 [main] INFO  org.testng.internal.Utils -[TestNG] Running:
  C:\Users\Inspiron\Desktop\selenium\Opencart\master.xml

10:29:37.116 [main] INFO  testCases.TC001_AccountRegistraition -******Starting TC001_AccountRegistraition******
10:29:37.542 [main] INFO  testCases.TC001_AccountRegistraition -Clicked on my account element
10:29:38.147 [main] INFO  testCases.TC001_AccountRegistraition -Clicked on register element
